[3400:3564:1016/214056:VERBOSE1:crash_service_main.cc(68)] Session start. cmdline is [--reporter-url=https://crashreporter.atom.io --application-name=Atom --v=1]
[3400:3564:1016/214056:VERBOSE1:crash_service.cc(142)] window handle is 00080228
[3400:3564:1016/214056:VERBOSE1:crash_service.cc(290)] pipe name is \\.\pipe\Atom Crash Service
dumps at C:\PROGRA~1\Java\JDK17~1.0_0\jre\bin\Atom Crashes
[3400:3564:1016/214056:VERBOSE1:crash_service.cc(294)] checkpoint is C:\PROGRA~1\Java\JDK17~1.0_0\jre\bin\Atom Crashes\crash_checkpoint.txt
server is https://crashreporter.atom.io
maximum 128 reports/day
reporter is electron-crash-service
[3400:3564:1016/214056:VERBOSE1:crash_service_main.cc(84)] Ready to process crash requests
[3400:2248:1016/214056:VERBOSE1:crash_service.cc(323)] client start. pid = 1352
[3400:2248:1016/214057:VERBOSE1:crash_service.cc(323)] client start. pid = 3712
[3016:732:1016/214057:VERBOSE1:crash_service_main.cc(68)] Session start. cmdline is [--reporter-url=https://crashreporter.atom.io --application-name=Atom --v=1]
[3016:732:1016/214057:VERBOSE1:crash_service.cc(142)] window handle is 00170312
[3016:732:1016/214057:VERBOSE1:crash_service.cc(290)] pipe name is \\.\pipe\Atom Crash Service
dumps at C:\PROGRA~1\Java\JDK17~1.0_0\jre\bin\Atom Crashes
[3016:732:1016/214057:VERBOSE1:crash_service.cc(294)] checkpoint is C:\PROGRA~1\Java\JDK17~1.0_0\jre\bin\Atom Crashes\crash_checkpoint.txt
server is https://crashreporter.atom.io
maximum 128 reports/day
reporter is electron-crash-service
[3016:732:1016/214057:ERROR:crash_service.cc(301)] could not start dumper
